<?xml version="1.0" encoding="UTF-8"?>
<!-- Generated by org.testng.reporters.JUnitReportReporter -->
<testsuite skipped="0" hostname="DESKTOP-JAHKTIJ" name="TestNG.TestngDemo" tests="1" failures="0" timestamp="2021-05-17T16:38:36 IST" time="5.898" errors="0">
  <testcase name="automate" time="5.898" classname="TestNG.TestngDemo"/>
  <system-out/>
</testsuite> <!-- TestNG.TestngDemo -->
