<?xml version="1.0" encoding="UTF-8"?>
<!-- Generated by org.testng.reporters.JUnitReportReporter -->
<testsuite skipped="0" hostname="DESKTOP-JAHKTIJ" name="TestNG.AnnotationsDemo" tests="2" failures="0" timestamp="2021-05-21T16:54:03 IST" time="0.043" errors="0">
  <testcase name="testCase1" time="0.038" classname="TestNG.AnnotationsDemo"/>
  <system-out/>
  <testcase name="testCase2" time="0.005" classname="TestNG.AnnotationsDemo"/>
  <system-out/>
</testsuite> <!-- TestNG.AnnotationsDemo -->
